<?xml version="1.0" encoding="UTF-8"?>
<!-- Generated by org.testng.reporters.JUnitXMLReporter -->
<testsuite ignored="0" hostname="Betuls-Laptop" failures="0" tests="4" name="Default test" time="0.547" errors="0" timestamp="2024-09-07T19:10:03 MDT">
  <testcase classname="com.neotech.review01.DataDrivenTest" name="loginTest" time="0.009"/>
  <testcase classname="com.neotech.review01.DataDrivenTest" name="loginTest" time="0.004"/>
  <testcase classname="com.neotech.review01.DataDrivenTest" name="loginTest" time="0.002"/>
  <testcase classname="com.neotech.review01.DataDrivenTest" name="loginTest" time="0.001"/>
</testsuite> <!-- Default test -->
