<?xml version="1.0" encoding="UTF-8"?>
<!-- Generated by org.testng.reporters.JUnitXMLReporter -->
<testsuite ignored="0" hostname="Betuls-Laptop" failures="1" tests="2" name="Test" time="0.051" errors="0" timestamp="2024-09-07T19:44:34 MDT">
  <testcase classname="com.neotech.review01.UsingListener" name="testMethod1" time="0.013">
    <failure type="java.lang.AssertionError" message="expected [true] but found [false]">
      <![CDATA[java.lang.AssertionError: expected [true] but found [false]
at com.neotech.review01.UsingListener.testMethod1(UsingListener.java:33)
at java.base/java.util.ArrayList.forEach(ArrayList.java:1597)
... Removed 29 stack frames]]>
    </failure>
  </testcase> <!-- testMethod1 -->
  <testcase classname="com.neotech.review01.UsingListener" name="testMethod2" time="0.001"/>
</testsuite> <!-- Test -->
