<?xml version="1.0" encoding="UTF-8"?>
<!-- Generated by org.testng.reporters.JUnitXMLReporter -->
<testsuite ignored="1" hostname="Betuls-Laptop" failures="0" tests="7" name="Smoke Test" time="0.061" errors="0" timestamp="2024-09-01T16:52:51 MDT">
  <testcase classname="com.neotech.lesson02.EnableAndDisable" name="thirdTest" time="0.01"/>
  <testcase classname="com.neotech.lesson02.EnableAndDisable" name="firstTest" time="0.002"/>
  <testcase classname="com.neotech.lesson02.EnableAndDisable" name="fourthTest" time="0.001"/>
  <testcase classname="com.neotech.lesson02.PriorityDemo" name="thirdTest" time="0.001"/>
  <testcase classname="com.neotech.lesson02.PriorityDemo" name="firstTest" time="0.001"/>
  <testcase classname="com.neotech.lesson02.PriorityDemo" name="secondTest" time="0.001"/>
  <testcase classname="com.neotech.lesson02.PriorityDemo" name="fourthTest" time="0.001"/>
  <testcase classname="com.neotech.lesson02.EnableAndDisable" name="secondTest" time="0.0">
    <ignored/>
  </testcase> <!-- secondTest -->
</testsuite> <!-- Smoke Test -->
