<?xml version="1.0" encoding="UTF-8"?>
<!-- Generated by org.testng.reporters.JUnitXMLReporter -->
<testsuite ignored="1" hostname="Betuls-Laptop" failures="0" tests="3" name="Test Review01" time="0.088" errors="0" timestamp="2024-09-07T16:27:14 MDT">
  <testcase classname="com.neotech.review01.DemoAnnotations" name="test1" time="0.008"/>
  <testcase classname="com.neotech.review01.DemoAnnotations" name="test2" time="0.005"/>
  <testcase classname="com.neotech.review01.TestParameters" name="MethodA" time="0.002"/>
  <testcase classname="com.neotech.review01.TestParameters" name="MethodB" time="0.0">
    <ignored/>
  </testcase> <!-- MethodB -->
</testsuite> <!-- Test Review01 -->
