<?xml version="1.0" encoding="UTF-8"?>
<!-- Generated by org.testng.reporters.JUnitXMLReporter -->
<testsuite ignored="7" hostname="Betuls-Laptop" failures="0" tests="2" name="SmokeReview Test" time="0.067" errors="0" timestamp="2024-09-07T17:34:35 MDT">
  <testcase classname="com.neotech.review01.DemoAnnotations" name="test1" time="0.014"/>
  <testcase classname="com.neotech.review01.GroupsDemo" name="smokeTest" time="0.003"/>
  <testcase classname="com.neotech.review01.DemoAnnotations" name="test2" time="0.0">
    <ignored/>
  </testcase> <!-- test2 -->
  <testcase classname="com.neotech.review01.SoftAndHardAssert" name="testHardAssert" time="0.0">
    <ignored/>
  </testcase> <!-- testHardAssert -->
  <testcase classname="com.neotech.review01.DependsOnMethod" name="firstTest" time="0.0">
    <ignored/>
  </testcase> <!-- firstTest -->
  <testcase classname="com.neotech.review01.DependsOnMethod" name="secondTest" time="0.0">
    <ignored/>
  </testcase> <!-- secondTest -->
  <testcase classname="com.neotech.review01.SoftAndHardAssert" name="TestsoftAssert" time="0.0">
    <ignored/>
  </testcase> <!-- TestsoftAssert -->
  <testcase classname="com.neotech.review01.TestParameters" name="MethodB" time="0.0">
    <ignored/>
  </testcase> <!-- MethodB -->
  <testcase classname="com.neotech.review01.TestParameters" name="MethodA" time="0.0">
    <ignored/>
  </testcase> <!-- MethodA -->
</testsuite> <!-- SmokeReview Test -->
