<?xml version="1.0" encoding="UTF-8"?>
<!-- Generated by org.testng.reporters.JUnitXMLReporter -->
<testsuite ignored="6" hostname="Betuls-Laptop" failures="0" tests="3" name="SmokeReview Test" time="0.093" errors="0" timestamp="2024-09-07T17:43:21 MDT">
  <testcase classname="com.neotech.review01.DemoAnnotations" name="test1" time="0.015"/>
  <testcase classname="com.neotech.review01.DemoAnnotations" name="test2" time="0.003"/>
  <testcase classname="com.neotech.review01.TestParameters" name="MethodA" time="0.001"/>
  <testcase classname="com.neotech.review01.SoftAndHardAssert" name="testHardAssert" time="0.0">
    <ignored/>
  </testcase> <!-- testHardAssert -->
  <testcase classname="com.neotech.review01.DependsOnMethod" name="firstTest" time="0.0">
    <ignored/>
  </testcase> <!-- firstTest -->
  <testcase classname="com.neotech.review01.DependsOnMethod" name="secondTest" time="0.0">
    <ignored/>
  </testcase> <!-- secondTest -->
  <testcase classname="com.neotech.review01.GroupsDemo" name="smokeTest" time="0.0">
    <ignored/>
  </testcase> <!-- smokeTest -->
  <testcase classname="com.neotech.review01.SoftAndHardAssert" name="TestsoftAssert" time="0.0">
    <ignored/>
  </testcase> <!-- TestsoftAssert -->
  <testcase classname="com.neotech.review01.TestParameters" name="MethodB" time="0.0">
    <ignored/>
  </testcase> <!-- MethodB -->
</testsuite> <!-- SmokeReview Test -->
