<?xml version="1.0" encoding="UTF-8"?>
<!-- Generated by org.testng.reporters.JUnitXMLReporter -->
<testsuite ignored="1" hostname="Betuls-Laptop" failures="4" tests="14" name="Assertions Test" time="16.818" errors="0" timestamp="2024-09-01T16:16:55 MDT">
  <testcase classname="com.neotech.lesson02.AssertDemo" name="logoValidation" time="0.039">
    <failure type="java.lang.AssertionError" message="Logo is NOT displayed! expected [true] but found [false]">
      <![CDATA[java.lang.AssertionError: Logo is NOT displayed! expected [true] but found [false]
at com.neotech.lesson02.AssertDemo.logoValidation(AssertDemo.java:61)
at java.base/java.util.ArrayList.forEach(ArrayList.java:1597)
... Removed 28 stack frames]]>
    </failure>
  </testcase> <!-- logoValidation -->
  <testcase classname="com.neotech.lesson02.AssertDemo" name="titleValidation" time="0.009">
    <failure type="java.lang.AssertionError" message="Title does NOT match!!! expected [OrangeHR] but found [OrangeHRM]">
      <![CDATA[java.lang.AssertionError: Title does NOT match!!! expected [OrangeHR] but found [OrangeHRM]
at com.neotech.lesson02.AssertDemo.titleValidation(AssertDemo.java:37)
at java.base/java.util.ArrayList.forEach(ArrayList.java:1597)
... Removed 30 stack frames]]>
    </failure>
  </testcase> <!-- titleValidation -->
  <testcase classname="com.neotech.lesson02.DependsDemo" name="firstTest" time="0.001"/>
  <testcase classname="com.neotech.lesson02.DependsDemo" name="fourthTest" time="0.001">
    <failure type="java.lang.Exception">
      <![CDATA[java.lang.Exception
at com.neotech.lesson02.DependsDemo.fourthTest(DependsDemo.java:37)
at java.base/java.util.ArrayList.forEach(ArrayList.java:1597)
... Removed 25 stack frames]]>
    </failure>
  </testcase> <!-- fourthTest -->
  <testcase classname="com.neotech.lesson02.DependsDemo" name="secondTest" time="0.003">
    <failure type="java.lang.Exception">
      <![CDATA[java.lang.Exception
at com.neotech.lesson02.DependsDemo.secondTest(DependsDemo.java:20)
at java.base/java.util.ArrayList.forEach(ArrayList.java:1597)
... Removed 25 stack frames]]>
    </failure>
  </testcase> <!-- secondTest -->
  <testcase classname="com.neotech.lesson02.DependsDemo" name="thirdTest" time="0.0">
    <skipped/>
  </testcase> <!-- thirdTest -->
  <testcase classname="com.neotech.lesson02.EnableAndDisable" name="thirdTest" time="0.001"/>
  <testcase classname="com.neotech.lesson02.EnableAndDisable" name="firstTest" time="0.002"/>
  <testcase classname="com.neotech.lesson02.EnableAndDisable" name="fourthTest" time="0.001"/>
  <testcase classname="com.neotech.lesson02.PriorityDemo" name="thirdTest" time="0.001"/>
  <testcase classname="com.neotech.lesson02.PriorityDemo" name="firstTest" time="0.0"/>
  <testcase classname="com.neotech.lesson02.PriorityDemo" name="secondTest" time="0.002"/>
  <testcase classname="com.neotech.lesson02.PriorityDemo" name="fourthTest" time="0.001"/>
  <testcase classname="com.neotech.lesson02.SoftAssertDemo" name="logoAndLoginValidation" time="5.197"/>
  <testcase classname="com.neotech.lesson02.EnableAndDisable" name="secondTest" time="0.0">
    <ignored/>
  </testcase> <!-- secondTest -->
</testsuite> <!-- Assertions Test -->
